<?xml version="1.0" encoding="UTF-8"?>
<testng-results skipped="0" failed="0" ignored="0" total="1" passed="1">
  <reporter-output>
  </reporter-output>
  <suite name="Suite" duration-ms="10751" started-at="2021-08-20T14:35:16Z" finished-at="2021-08-20T14:35:26Z">
    <groups>
    </groups>
    <test name="Test" duration-ms="10751" started-at="2021-08-20T14:35:16Z" finished-at="2021-08-20T14:35:26Z">
      <class name="org.dhl.ParaMeters">
        <test-method status="PASS" signature="tc1(java.lang.String, java.lang.String)[pri:0, instance:org.dhl.ParaMeters@1e88b3c]" name="tc1" duration-ms="10610" started-at="2021-08-20T14:35:16Z" finished-at="2021-08-20T14:35:26Z">
          <params>
            <param index="0">
              <value>
                <![CDATA[RagupathyAnchor]]>
              </value>
            </param>
            <param index="1">
              <value>
                <![CDATA[Ragumba@103]]>
              </value>
            </param>
          </params>
          <reporter-output>
          </reporter-output>
        </test-method> <!-- tc1 -->
      </class> <!-- org.dhl.ParaMeters -->
    </test> <!-- Test -->
  </suite> <!-- Suite -->
</testng-results>
